<?xml version="1.0" encoding="UTF-8"?>
<testng-results ignored="0" total="1" passed="1" failed="0" skipped="0">
  <reporter-output>
  </reporter-output>
  <suite started-at="2021-05-30T22:13:50 IST" name="Default suite" finished-at="2021-05-30T22:13:54 IST" duration-ms="4255">
    <groups>
    </groups>
    <test started-at="2021-05-30T22:13:50 IST" name="Default test" finished-at="2021-05-30T22:13:54 IST" duration-ms="4255">
      <class name="PageTest">
        <test-method is-config="true" signature="setUp()[pri:0, instance:PageTest@22e357dc]" started-at="2021-05-30T22:13:50 IST" name="setUp" finished-at="2021-05-30T22:13:51 IST" duration-ms="1731" status="PASS">
          <reporter-output>
          </reporter-output>
        </test-method> <!-- setUp -->
        <test-method signature="testmethod()[pri:0, instance:PageTest@22e357dc]" started-at="2021-05-30T22:13:51 IST" name="testmethod" finished-at="2021-05-30T22:13:53 IST" duration-ms="1851" status="PASS">
          <reporter-output>
          </reporter-output>
        </test-method> <!-- testmethod -->
        <test-method is-config="true" signature="tearDown()[pri:0, instance:PageTest@22e357dc]" started-at="2021-05-30T22:13:53 IST" name="tearDown" finished-at="2021-05-30T22:13:54 IST" duration-ms="641" status="PASS">
          <reporter-output>
          </reporter-output>
        </test-method> <!-- tearDown -->
      </class> <!-- PageTest -->
    </test> <!-- Default test -->
  </suite> <!-- Default suite -->
</testng-results>
